<?xml version="1.0" encoding="UTF-8"?>
<testng-results skipped="0" failed="0" total="2" passed="2">
  <reporter-output>
  </reporter-output>
  <suite name="Suite" duration-ms="52" started-at="2020-05-17T12:24:16Z" finished-at="2020-05-17T12:24:16Z">
    <groups>
    </groups>
    <test name="Test" duration-ms="52" started-at="2020-05-17T12:24:16Z" finished-at="2020-05-17T12:24:16Z">
      <class name="maventest.demo1">
        <test-method status="PASS" signature="sub()[pri:0, instance:maventest.demo1@2acf57e3]" name="sub" duration-ms="29" started-at="2020-05-17T17:54:16Z" finished-at="2020-05-17T17:54:16Z">
          <reporter-output>
          </reporter-output>
        </test-method> <!-- sub -->
        <test-method status="PASS" signature="sum()[pri:0, instance:maventest.demo1@2acf57e3]" name="sum" duration-ms="1" started-at="2020-05-17T17:54:16Z" finished-at="2020-05-17T17:54:16Z">
          <reporter-output>
          </reporter-output>
        </test-method> <!-- sum -->
      </class> <!-- maventest.demo1 -->
    </test> <!-- Test -->
  </suite> <!-- Suite -->
</testng-results>
