<?xml version="1.0" encoding="UTF-8"?>
<testng-results skipped="0" failed="0" total="2" passed="2">
  <reporter-output>
  </reporter-output>
  <suite name="Default suite" duration-ms="56" started-at="2020-05-10T18:33:57Z" finished-at="2020-05-10T18:33:57Z">
    <groups>
    </groups>
    <test name="Default test" duration-ms="56" started-at="2020-05-10T18:33:57Z" finished-at="2020-05-10T18:33:57Z">
      <class name="maventest.demo1">
        <test-method status="PASS" signature="sub()[pri:0, instance:maventest.demo1@7dc7cbad]" name="sub" duration-ms="23" started-at="2020-05-11T00:03:57Z" finished-at="2020-05-11T00:03:57Z">
          <reporter-output>
          </reporter-output>
        </test-method> <!-- sub -->
        <test-method status="PASS" signature="sum()[pri:0, instance:maventest.demo1@7dc7cbad]" name="sum" duration-ms="3" started-at="2020-05-11T00:03:57Z" finished-at="2020-05-11T00:03:57Z">
          <reporter-output>
          </reporter-output>
        </test-method> <!-- sum -->
      </class> <!-- maventest.demo1 -->
    </test> <!-- Default test -->
  </suite> <!-- Default suite -->
</testng-results>
